[18-Apr-2022 11:24:51 UTC] PHP Notice:  Undefined index: telefon in C:\inetpub\wwwroot\volkan\admin\print.php on line 5
[18-Apr-2022 11:24:51 UTC] PHP Notice:  Undefined index: musteri in C:\inetpub\wwwroot\volkan\admin\print.php on line 9
[18-Apr-2022 11:24:51 UTC] PHP Notice:  Undefined index: bilgisayar in C:\inetpub\wwwroot\volkan\admin\print.php on line 11
[18-Apr-2022 11:25:37 UTC] PHP Fatal error:  'break' not in the 'loop' or 'switch' context in C:\inetpub\wwwroot\volkan\admin\print.php on line 23
[18-Apr-2022 11:25:40 UTC] PHP Fatal error:  'break' not in the 'loop' or 'switch' context in C:\inetpub\wwwroot\volkan\admin\print.php on line 23
[18-Apr-2022 11:25:55 UTC] PHP Fatal error:  'break' not in the 'loop' or 'switch' context in C:\inetpub\wwwroot\volkan\admin\print.php on line 23
[18-Apr-2022 11:26:22 UTC] PHP Notice:  Undefined index: telefon in C:\inetpub\wwwroot\volkan\admin\print.php on line 5
[18-Apr-2022 11:26:22 UTC] PHP Notice:  Undefined index: musteri in C:\inetpub\wwwroot\volkan\admin\print.php on line 9
[18-Apr-2022 11:30:47 UTC] PHP Parse error:  syntax error, unexpected '<', expecting end of file in C:\inetpub\wwwroot\volkan\admin\print.php on line 43
[18-Apr-2022 11:31:02 UTC] PHP Notice:  Undefined index: telefon in C:\inetpub\wwwroot\volkan\admin\print.php on line 5
[18-Apr-2022 11:31:02 UTC] PHP Notice:  Undefined index: musteri in C:\inetpub\wwwroot\volkan\admin\print.php on line 9
[18-Apr-2022 11:31:02 UTC] PHP Notice:  Undefined index: formum in C:\inetpub\wwwroot\volkan\admin\print.php on line 16
[18-Apr-2022 11:31:02 UTC] PHP Warning:  require(): Filename cannot be empty in C:\inetpub\wwwroot\volkan\admin\print.php on line 44
[18-Apr-2022 11:31:02 UTC] PHP Fatal error:  require(): Failed opening required '' (include_path='.;C:\php\pear') in C:\inetpub\wwwroot\volkan\admin\print.php on line 44
[18-Apr-2022 11:32:19 UTC] PHP Notice:  Undefined index: telefon in C:\inetpub\wwwroot\volkan\admin\print.php on line 5
[18-Apr-2022 11:32:19 UTC] PHP Notice:  Undefined index: musteri in C:\inetpub\wwwroot\volkan\admin\print.php on line 9
[18-Apr-2022 11:32:19 UTC] PHP Notice:  Undefined index: formum in C:\inetpub\wwwroot\volkan\admin\print.php on line 16
[18-Apr-2022 11:32:19 UTC] PHP Notice:  Undefined variable: html in C:\inetpub\wwwroot\volkan\admin\print.php on line 51
[18-Apr-2022 11:33:49 UTC] PHP Notice:  Undefined index: telefon in C:\inetpub\wwwroot\volkan\admin\print.php on line 5
[18-Apr-2022 11:33:49 UTC] PHP Notice:  Undefined index: musteri in C:\inetpub\wwwroot\volkan\admin\print.php on line 9
[18-Apr-2022 11:33:49 UTC] PHP Notice:  Undefined index: formum in C:\inetpub\wwwroot\volkan\admin\print.php on line 16
[18-Apr-2022 11:38:28 UTC] PHP Notice:  Undefined index: telefon in C:\inetpub\wwwroot\volkan\admin\print.php on line 5
[18-Apr-2022 11:38:28 UTC] PHP Notice:  Undefined index: musteri in C:\inetpub\wwwroot\volkan\admin\print.php on line 9
[18-Apr-2022 11:38:28 UTC] PHP Notice:  Undefined index: formum in C:\inetpub\wwwroot\volkan\admin\print.php on line 16
[18-Apr-2022 11:41:36 UTC] PHP Notice:  Undefined index: telefon in C:\inetpub\wwwroot\volkan\admin\print.php on line 5
[18-Apr-2022 11:41:36 UTC] PHP Notice:  Undefined index: musteri in C:\inetpub\wwwroot\volkan\admin\print.php on line 9
[18-Apr-2022 11:41:36 UTC] PHP Notice:  Undefined index: formum in C:\inetpub\wwwroot\volkan\admin\print.php on line 16
[18-Apr-2022 11:41:44 UTC] PHP Notice:  Undefined index: telefon in C:\inetpub\wwwroot\volkan\admin\print.php on line 5
[18-Apr-2022 11:41:44 UTC] PHP Notice:  Undefined index: musteri in C:\inetpub\wwwroot\volkan\admin\print.php on line 9
[18-Apr-2022 11:41:44 UTC] PHP Notice:  Undefined index: formum in C:\inetpub\wwwroot\volkan\admin\print.php on line 16
[18-Apr-2022 11:42:03 UTC] PHP Notice:  Undefined index: telefon in C:\inetpub\wwwroot\volkan\admin\print.php on line 5
[18-Apr-2022 11:42:03 UTC] PHP Notice:  Undefined index: musteri in C:\inetpub\wwwroot\volkan\admin\print.php on line 9
[18-Apr-2022 11:42:03 UTC] PHP Notice:  Undefined index: formum in C:\inetpub\wwwroot\volkan\admin\print.php on line 16
[18-Apr-2022 11:42:19 UTC] PHP Notice:  Undefined index: telefon in C:\inetpub\wwwroot\volkan\admin\print.php on line 5
[18-Apr-2022 11:42:19 UTC] PHP Notice:  Undefined index: musteri in C:\inetpub\wwwroot\volkan\admin\print.php on line 9
[18-Apr-2022 11:42:19 UTC] PHP Notice:  Undefined index: formum in C:\inetpub\wwwroot\volkan\admin\print.php on line 16
[18-Apr-2022 11:42:31 UTC] PHP Notice:  Undefined index: telefon in C:\inetpub\wwwroot\volkan\admin\print.php on line 5
[18-Apr-2022 11:42:31 UTC] PHP Notice:  Undefined index: musteri in C:\inetpub\wwwroot\volkan\admin\print.php on line 9
[18-Apr-2022 11:42:31 UTC] PHP Notice:  Undefined index: formum in C:\inetpub\wwwroot\volkan\admin\print.php on line 16
[18-Apr-2022 11:42:43 UTC] PHP Notice:  Undefined index: telefon in C:\inetpub\wwwroot\volkan\admin\print.php on line 5
[18-Apr-2022 11:42:43 UTC] PHP Notice:  Undefined index: musteri in C:\inetpub\wwwroot\volkan\admin\print.php on line 9
[18-Apr-2022 11:42:43 UTC] PHP Notice:  Undefined index: formum in C:\inetpub\wwwroot\volkan\admin\print.php on line 16
[18-Apr-2022 11:45:13 UTC] PHP Notice:  Undefined index: telefon in C:\inetpub\wwwroot\volkan\admin\print.php on line 5
[18-Apr-2022 11:45:13 UTC] PHP Notice:  Undefined index: musteri in C:\inetpub\wwwroot\volkan\admin\print.php on line 9
[18-Apr-2022 11:45:13 UTC] PHP Notice:  Undefined index: formum in C:\inetpub\wwwroot\volkan\admin\print.php on line 16
[18-Apr-2022 12:15:04 UTC] PHP Notice:  Undefined index: telefon in C:\inetpub\wwwroot\volkan\admin\print.php on line 5
[18-Apr-2022 12:15:04 UTC] PHP Notice:  Undefined index: telefon in C:\inetpub\wwwroot\volkan\admin\print.php on line 5
[18-Apr-2022 12:15:04 UTC] PHP Notice:  Undefined index: musteri in C:\inetpub\wwwroot\volkan\admin\print.php on line 9
[18-Apr-2022 12:15:04 UTC] PHP Notice:  Undefined index: musteri in C:\inetpub\wwwroot\volkan\admin\print.php on line 9
[18-Apr-2022 12:15:04 UTC] PHP Notice:  Undefined index: formum in C:\inetpub\wwwroot\volkan\admin\print.php on line 16
[18-Apr-2022 12:15:04 UTC] PHP Notice:  Undefined index: formum in C:\inetpub\wwwroot\volkan\admin\print.php on line 16
[18-Apr-2022 12:19:53 UTC] PHP Notice:  Undefined index: telefon in C:\inetpub\wwwroot\volkan\admin\print.php on line 133
[18-Apr-2022 12:19:53 UTC] PHP Notice:  Undefined index: musteri in C:\inetpub\wwwroot\volkan\admin\print.php on line 137
[18-Apr-2022 12:19:53 UTC] PHP Notice:  Undefined index: bilgisayar in C:\inetpub\wwwroot\volkan\admin\print.php on line 139
[18-Apr-2022 12:19:53 UTC] PHP Notice:  Undefined index: formum in C:\inetpub\wwwroot\volkan\admin\print.php on line 144
[18-Apr-2022 12:20:32 UTC] PHP Notice:  Undefined index: telefon in C:\inetpub\wwwroot\volkan\admin\print.php on line 133
[18-Apr-2022 12:20:32 UTC] PHP Notice:  Undefined index: musteri in C:\inetpub\wwwroot\volkan\admin\print.php on line 137
[18-Apr-2022 12:20:32 UTC] PHP Notice:  Undefined index: bilgisayar in C:\inetpub\wwwroot\volkan\admin\print.php on line 139
[18-Apr-2022 12:20:32 UTC] PHP Notice:  Undefined index: formum in C:\inetpub\wwwroot\volkan\admin\print.php on line 144
[18-Apr-2022 12:20:35 UTC] PHP Notice:  Undefined index: telefon in C:\inetpub\wwwroot\volkan\admin\print.php on line 133
[18-Apr-2022 12:20:35 UTC] PHP Notice:  Undefined index: musteri in C:\inetpub\wwwroot\volkan\admin\print.php on line 137
[18-Apr-2022 12:20:35 UTC] PHP Notice:  Undefined index: bilgisayar in C:\inetpub\wwwroot\volkan\admin\print.php on line 139
[18-Apr-2022 12:20:35 UTC] PHP Notice:  Undefined index: formum in C:\inetpub\wwwroot\volkan\admin\print.php on line 144
[18-Apr-2022 12:21:26 UTC] PHP Notice:  Undefined index: telefon in C:\inetpub\wwwroot\volkan\admin\print.php on line 129
[18-Apr-2022 12:21:26 UTC] PHP Notice:  Undefined index: musteri in C:\inetpub\wwwroot\volkan\admin\print.php on line 133
[18-Apr-2022 12:21:26 UTC] PHP Notice:  Undefined index: bilgisayar in C:\inetpub\wwwroot\volkan\admin\print.php on line 135
[18-Apr-2022 12:21:26 UTC] PHP Notice:  Undefined index: formum in C:\inetpub\wwwroot\volkan\admin\print.php on line 140
[18-Apr-2022 12:22:07 UTC] PHP Notice:  Undefined index: telefon in C:\inetpub\wwwroot\volkan\admin\print.php on line 129
[18-Apr-2022 12:22:07 UTC] PHP Notice:  Undefined index: musteri in C:\inetpub\wwwroot\volkan\admin\print.php on line 133
[18-Apr-2022 12:22:07 UTC] PHP Notice:  Undefined index: bilgisayar in C:\inetpub\wwwroot\volkan\admin\print.php on line 135
[18-Apr-2022 12:22:07 UTC] PHP Notice:  Undefined index: formum in C:\inetpub\wwwroot\volkan\admin\print.php on line 140
[18-Apr-2022 12:23:32 UTC] PHP Parse error:  syntax error, unexpected 'else' (T_ELSE) in C:\inetpub\wwwroot\volkan\admin\print.php on line 24
[18-Apr-2022 12:23:35 UTC] PHP Parse error:  syntax error, unexpected 'else' (T_ELSE) in C:\inetpub\wwwroot\volkan\admin\print.php on line 24
[18-Apr-2022 12:23:45 UTC] PHP Parse error:  syntax error, unexpected 'else' (T_ELSE) in C:\inetpub\wwwroot\volkan\admin\print.php on line 24
[18-Apr-2022 12:24:01 UTC] PHP Notice:  Undefined index: telefon in C:\inetpub\wwwroot\volkan\admin\print.php on line 5
[18-Apr-2022 12:24:01 UTC] PHP Notice:  Undefined index: musteri in C:\inetpub\wwwroot\volkan\admin\print.php on line 9
[18-Apr-2022 12:24:01 UTC] PHP Notice:  Undefined index: bilgisayar in C:\inetpub\wwwroot\volkan\admin\print.php on line 11
[18-Apr-2022 12:24:21 UTC] PHP Notice:  Undefined index: telefon in C:\inetpub\wwwroot\volkan\admin\print.php on line 5
[18-Apr-2022 12:24:21 UTC] PHP Notice:  Undefined index: musteri in C:\inetpub\wwwroot\volkan\admin\print.php on line 9
[18-Apr-2022 12:24:21 UTC] PHP Notice:  Undefined index: bilgisayar in C:\inetpub\wwwroot\volkan\admin\print.php on line 11
[18-Apr-2022 12:24:40 UTC] PHP Notice:  Undefined index: telefon in C:\inetpub\wwwroot\volkan\admin\print.php on line 5
[18-Apr-2022 12:24:40 UTC] PHP Notice:  Undefined index: musteri in C:\inetpub\wwwroot\volkan\admin\print.php on line 9
[18-Apr-2022 12:24:40 UTC] PHP Notice:  Undefined index: bilgisayar in C:\inetpub\wwwroot\volkan\admin\print.php on line 11
[18-Apr-2022 12:24:57 UTC] PHP Notice:  Undefined index: telefon in C:\inetpub\wwwroot\volkan\admin\print.php on line 5
[18-Apr-2022 12:24:57 UTC] PHP Notice:  Undefined index: musteri in C:\inetpub\wwwroot\volkan\admin\print.php on line 9
[18-Apr-2022 12:24:57 UTC] PHP Notice:  Undefined index: bilgisayar in C:\inetpub\wwwroot\volkan\admin\print.php on line 11
[18-Apr-2022 12:25:07 UTC] PHP Notice:  Undefined index: telefon in C:\inetpub\wwwroot\volkan\admin\print.php on line 5
[18-Apr-2022 12:25:07 UTC] PHP Notice:  Undefined index: musteri in C:\inetpub\wwwroot\volkan\admin\print.php on line 9
[18-Apr-2022 12:25:07 UTC] PHP Notice:  Undefined index: bilgisayar in C:\inetpub\wwwroot\volkan\admin\print.php on line 11
[18-Apr-2022 12:27:17 UTC] PHP Notice:  Undefined index: telefon in C:\inetpub\wwwroot\volkan\admin\print.php on line 5
[18-Apr-2022 12:27:17 UTC] PHP Notice:  Undefined index: musteri in C:\inetpub\wwwroot\volkan\admin\print.php on line 9
[18-Apr-2022 12:27:17 UTC] PHP Notice:  Undefined index: bilgisayar in C:\inetpub\wwwroot\volkan\admin\print.php on line 11
[18-Apr-2022 12:28:27 UTC] PHP Notice:  Undefined index: telefon in C:\inetpub\wwwroot\volkan\admin\print.php on line 5
[18-Apr-2022 12:28:27 UTC] PHP Notice:  Undefined index: musteri in C:\inetpub\wwwroot\volkan\admin\print.php on line 9
[18-Apr-2022 12:28:27 UTC] PHP Notice:  Undefined index: bilgisayar in C:\inetpub\wwwroot\volkan\admin\print.php on line 11
[18-Apr-2022 12:28:27 UTC] PHP Notice:  Undefined index: tablet in C:\inetpub\wwwroot\volkan\admin\print.php on line 12
[18-Apr-2022 12:28:44 UTC] PHP Notice:  Undefined index: telefon in C:\inetpub\wwwroot\volkan\admin\print.php on line 5
[18-Apr-2022 12:28:44 UTC] PHP Notice:  Undefined index: musteri in C:\inetpub\wwwroot\volkan\admin\print.php on line 9
[18-Apr-2022 12:28:44 UTC] PHP Notice:  Undefined index: bilgisayar in C:\inetpub\wwwroot\volkan\admin\print.php on line 11
[18-Apr-2022 12:28:44 UTC] PHP Notice:  Undefined index: tablet in C:\inetpub\wwwroot\volkan\admin\print.php on line 12
[18-Apr-2022 12:29:03 UTC] PHP Notice:  Undefined index: telefon in C:\inetpub\wwwroot\volkan\admin\print.php on line 5
[18-Apr-2022 12:29:03 UTC] PHP Notice:  Undefined index: musteri in C:\inetpub\wwwroot\volkan\admin\print.php on line 9
[18-Apr-2022 12:29:03 UTC] PHP Notice:  Undefined index: bilgisayar in C:\inetpub\wwwroot\volkan\admin\print.php on line 11
[18-Apr-2022 12:29:03 UTC] PHP Notice:  Undefined index: tablet in C:\inetpub\wwwroot\volkan\admin\print.php on line 12
[18-Apr-2022 12:29:07 UTC] PHP Notice:  Undefined index: telefon in C:\inetpub\wwwroot\volkan\admin\print.php on line 5
[18-Apr-2022 12:29:07 UTC] PHP Notice:  Undefined index: musteri in C:\inetpub\wwwroot\volkan\admin\print.php on line 9
[18-Apr-2022 12:29:07 UTC] PHP Notice:  Undefined index: bilgisayar in C:\inetpub\wwwroot\volkan\admin\print.php on line 11
[18-Apr-2022 12:29:07 UTC] PHP Notice:  Undefined index: tablet in C:\inetpub\wwwroot\volkan\admin\print.php on line 12
[18-Apr-2022 12:29:18 UTC] PHP Parse error:  syntax error, unexpected 'if' (T_IF), expecting ';' or ',' in C:\inetpub\wwwroot\volkan\admin\print.php on line 20
[18-Apr-2022 12:29:28 UTC] PHP Parse error:  syntax error, unexpected 'if' (T_IF), expecting ';' or ',' in C:\inetpub\wwwroot\volkan\admin\print.php on line 20
[18-Apr-2022 12:29:35 UTC] PHP Notice:  Undefined index: telefon in C:\inetpub\wwwroot\volkan\admin\print.php on line 5
[18-Apr-2022 12:29:35 UTC] PHP Notice:  Undefined index: musteri in C:\inetpub\wwwroot\volkan\admin\print.php on line 9
[18-Apr-2022 12:29:35 UTC] PHP Notice:  Undefined index: bilgisayar in C:\inetpub\wwwroot\volkan\admin\print.php on line 11
[18-Apr-2022 12:29:35 UTC] PHP Notice:  Undefined index: tablet in C:\inetpub\wwwroot\volkan\admin\print.php on line 12
[18-Apr-2022 12:30:16 UTC] PHP Notice:  Undefined index: telefon in C:\inetpub\wwwroot\volkan\admin\print.php on line 5
[18-Apr-2022 12:30:16 UTC] PHP Notice:  Undefined index: musteri in C:\inetpub\wwwroot\volkan\admin\print.php on line 9
[18-Apr-2022 12:30:16 UTC] PHP Notice:  Undefined index: bilgisayar in C:\inetpub\wwwroot\volkan\admin\print.php on line 11
[18-Apr-2022 12:30:16 UTC] PHP Notice:  Undefined index: tablet in C:\inetpub\wwwroot\volkan\admin\print.php on line 12
[18-Apr-2022 12:30:24 UTC] PHP Notice:  Undefined index: telefon in C:\inetpub\wwwroot\volkan\admin\print.php on line 5
[18-Apr-2022 12:30:24 UTC] PHP Notice:  Undefined index: musteri in C:\inetpub\wwwroot\volkan\admin\print.php on line 9
[18-Apr-2022 12:30:24 UTC] PHP Notice:  Undefined index: bilgisayar in C:\inetpub\wwwroot\volkan\admin\print.php on line 11
[18-Apr-2022 12:33:05 UTC] PHP Notice:  Undefined index: telefon in C:\inetpub\wwwroot\volkan\admin\print.php on line 5
[18-Apr-2022 12:33:05 UTC] PHP Notice:  Undefined index: musteri in C:\inetpub\wwwroot\volkan\admin\print.php on line 9
[18-Apr-2022 12:33:28 UTC] PHP Notice:  Undefined index: telefon in C:\inetpub\wwwroot\volkan\admin\print.php on line 5
[18-Apr-2022 12:33:28 UTC] PHP Notice:  Undefined index: musteri in C:\inetpub\wwwroot\volkan\admin\print.php on line 9
[18-Apr-2022 12:34:59 UTC] PHP Notice:  Undefined index: telefon in C:\inetpub\wwwroot\volkan\admin\print.php on line 5
[18-Apr-2022 12:34:59 UTC] PHP Notice:  Undefined index: musteri in C:\inetpub\wwwroot\volkan\admin\print.php on line 9
[18-Apr-2022 12:35:14 UTC] PHP Notice:  Undefined index: telefon in C:\inetpub\wwwroot\volkan\admin\print.php on line 5
[18-Apr-2022 12:35:14 UTC] PHP Notice:  Undefined index: musteri in C:\inetpub\wwwroot\volkan\admin\print.php on line 9
[18-Apr-2022 12:35:28 UTC] PHP Notice:  Undefined index: telefon in C:\inetpub\wwwroot\volkan\admin\print.php on line 5
[18-Apr-2022 12:35:28 UTC] PHP Notice:  Undefined index: musteri in C:\inetpub\wwwroot\volkan\admin\print.php on line 9
[18-Apr-2022 12:35:48 UTC] PHP Notice:  Undefined index: telefon in C:\inetpub\wwwroot\volkan\admin\print.php on line 5
[18-Apr-2022 12:35:48 UTC] PHP Notice:  Undefined index: musteri in C:\inetpub\wwwroot\volkan\admin\print.php on line 9
[18-Apr-2022 12:36:14 UTC] PHP Notice:  Undefined index: telefon in C:\inetpub\wwwroot\volkan\admin\print.php on line 5
[18-Apr-2022 12:36:14 UTC] PHP Notice:  Undefined index: musteri in C:\inetpub\wwwroot\volkan\admin\print.php on line 9
[18-Apr-2022 12:37:40 UTC] PHP Notice:  Undefined index: telefon in C:\inetpub\wwwroot\volkan\admin\print.php on line 5
[18-Apr-2022 12:37:40 UTC] PHP Notice:  Undefined index: musteri in C:\inetpub\wwwroot\volkan\admin\print.php on line 9
[18-Apr-2022 12:38:11 UTC] PHP Notice:  Undefined index: telefon in C:\inetpub\wwwroot\volkan\admin\print.php on line 5
[18-Apr-2022 12:38:11 UTC] PHP Notice:  Undefined index: musteri in C:\inetpub\wwwroot\volkan\admin\print.php on line 9
[18-Apr-2022 12:39:38 UTC] PHP Notice:  Undefined index: telefon in C:\inetpub\wwwroot\volkan\admin\print.php on line 5
[18-Apr-2022 12:39:38 UTC] PHP Notice:  Undefined index: musteri in C:\inetpub\wwwroot\volkan\admin\print.php on line 9
[18-Apr-2022 12:39:46 UTC] PHP Notice:  Undefined index: telefon in C:\inetpub\wwwroot\volkan\admin\print.php on line 5
[18-Apr-2022 12:39:46 UTC] PHP Notice:  Undefined index: musteri in C:\inetpub\wwwroot\volkan\admin\print.php on line 9
[18-Apr-2022 12:40:08 UTC] PHP Notice:  Undefined index: telefon in C:\inetpub\wwwroot\volkan\admin\print.php on line 5
[18-Apr-2022 12:40:08 UTC] PHP Notice:  Undefined index: musteri in C:\inetpub\wwwroot\volkan\admin\print.php on line 9
[18-Apr-2022 12:41:26 UTC] PHP Notice:  Undefined index: telefon in C:\inetpub\wwwroot\volkan\admin\print.php on line 5
[18-Apr-2022 12:41:26 UTC] PHP Notice:  Undefined index: musteri in C:\inetpub\wwwroot\volkan\admin\print.php on line 9
[18-Apr-2022 12:41:35 UTC] PHP Notice:  Undefined index: telefon in C:\inetpub\wwwroot\volkan\admin\print.php on line 5
[18-Apr-2022 12:41:35 UTC] PHP Notice:  Undefined index: musteri in C:\inetpub\wwwroot\volkan\admin\print.php on line 9
[18-Apr-2022 12:41:44 UTC] PHP Notice:  Undefined index: telefon in C:\inetpub\wwwroot\volkan\admin\print.php on line 5
[18-Apr-2022 12:41:44 UTC] PHP Notice:  Undefined index: musteri in C:\inetpub\wwwroot\volkan\admin\print.php on line 9
[18-Apr-2022 12:42:13 UTC] PHP Notice:  Undefined index: telefon in C:\inetpub\wwwroot\volkan\admin\print.php on line 5
[18-Apr-2022 12:42:13 UTC] PHP Notice:  Undefined index: musteri in C:\inetpub\wwwroot\volkan\admin\print.php on line 9
[18-Apr-2022 12:42:42 UTC] PHP Notice:  Undefined index: telefon in C:\inetpub\wwwroot\volkan\admin\print.php on line 5
[18-Apr-2022 12:42:42 UTC] PHP Notice:  Undefined index: musteri in C:\inetpub\wwwroot\volkan\admin\print.php on line 9
[18-Apr-2022 12:43:28 UTC] PHP Notice:  Undefined index: telefon in C:\inetpub\wwwroot\volkan\admin\print.php on line 5
[18-Apr-2022 12:43:28 UTC] PHP Notice:  Undefined index: musteri in C:\inetpub\wwwroot\volkan\admin\print.php on line 9
[18-Apr-2022 12:43:57 UTC] PHP Notice:  Undefined index: telefon in C:\inetpub\wwwroot\volkan\admin\print.php on line 5
[18-Apr-2022 12:43:57 UTC] PHP Notice:  Undefined index: musteri in C:\inetpub\wwwroot\volkan\admin\print.php on line 9
[18-Apr-2022 12:46:00 UTC] PHP Notice:  Undefined index: telefon in C:\inetpub\wwwroot\volkan\admin\print.php on line 5
[18-Apr-2022 12:46:00 UTC] PHP Notice:  Undefined index: musteri in C:\inetpub\wwwroot\volkan\admin\print.php on line 9
[18-Apr-2022 12:46:23 UTC] PHP Notice:  Undefined index: telefon in C:\inetpub\wwwroot\volkan\admin\print.php on line 5
[18-Apr-2022 12:46:23 UTC] PHP Notice:  Undefined index: musteri in C:\inetpub\wwwroot\volkan\admin\print.php on line 9
[18-Apr-2022 12:46:31 UTC] PHP Notice:  Undefined index: telefon in C:\inetpub\wwwroot\volkan\admin\print.php on line 5
[18-Apr-2022 12:46:31 UTC] PHP Notice:  Undefined index: musteri in C:\inetpub\wwwroot\volkan\admin\print.php on line 9
[18-Apr-2022 12:47:23 UTC] PHP Notice:  Undefined index: telefon in C:\inetpub\wwwroot\volkan\admin\print.php on line 5
[18-Apr-2022 12:47:23 UTC] PHP Notice:  Undefined index: musteri in C:\inetpub\wwwroot\volkan\admin\print.php on line 9
[18-Apr-2022 12:47:50 UTC] PHP Notice:  Undefined index: telefon in C:\inetpub\wwwroot\volkan\admin\print.php on line 5
[18-Apr-2022 12:47:50 UTC] PHP Notice:  Undefined index: musteri in C:\inetpub\wwwroot\volkan\admin\print.php on line 9
[18-Apr-2022 12:48:57 UTC] PHP Notice:  Undefined index: telefon in C:\inetpub\wwwroot\volkan\admin\print.php on line 5
[18-Apr-2022 12:48:57 UTC] PHP Notice:  Undefined index: musteri in C:\inetpub\wwwroot\volkan\admin\print.php on line 9
[18-Apr-2022 12:49:36 UTC] PHP Notice:  Undefined index: telefon in C:\inetpub\wwwroot\volkan\admin\print.php on line 5
[18-Apr-2022 12:49:36 UTC] PHP Notice:  Undefined index: musteri in C:\inetpub\wwwroot\volkan\admin\print.php on line 9
[18-Apr-2022 12:49:53 UTC] PHP Notice:  Undefined index: telefon in C:\inetpub\wwwroot\volkan\admin\print.php on line 5
[18-Apr-2022 12:49:53 UTC] PHP Notice:  Undefined index: musteri in C:\inetpub\wwwroot\volkan\admin\print.php on line 9
[18-Apr-2022 12:50:30 UTC] PHP Notice:  Undefined index: telefon in C:\inetpub\wwwroot\volkan\admin\print.php on line 5
[18-Apr-2022 12:50:30 UTC] PHP Notice:  Undefined index: musteri in C:\inetpub\wwwroot\volkan\admin\print.php on line 9
[18-Apr-2022 12:51:03 UTC] PHP Notice:  Undefined index: telefon in C:\inetpub\wwwroot\volkan\admin\print.php on line 5
[18-Apr-2022 12:51:03 UTC] PHP Notice:  Undefined index: musteri in C:\inetpub\wwwroot\volkan\admin\print.php on line 9
[18-Apr-2022 12:51:53 UTC] PHP Notice:  Undefined index: telefon in C:\inetpub\wwwroot\volkan\admin\print.php on line 5
[18-Apr-2022 12:51:53 UTC] PHP Notice:  Undefined index: musteri in C:\inetpub\wwwroot\volkan\admin\print.php on line 9
[18-Apr-2022 12:52:20 UTC] PHP Notice:  Undefined index: telefon in C:\inetpub\wwwroot\volkan\admin\print.php on line 5
[18-Apr-2022 12:52:20 UTC] PHP Notice:  Undefined index: musteri in C:\inetpub\wwwroot\volkan\admin\print.php on line 9
[18-Apr-2022 12:52:29 UTC] PHP Notice:  Undefined index: telefon in C:\inetpub\wwwroot\volkan\admin\print.php on line 5
[18-Apr-2022 12:52:29 UTC] PHP Notice:  Undefined index: musteri in C:\inetpub\wwwroot\volkan\admin\print.php on line 9
[18-Apr-2022 12:52:37 UTC] PHP Notice:  Undefined index: telefon in C:\inetpub\wwwroot\volkan\admin\print.php on line 5
[18-Apr-2022 12:52:37 UTC] PHP Notice:  Undefined index: musteri in C:\inetpub\wwwroot\volkan\admin\print.php on line 9
[18-Apr-2022 12:53:03 UTC] PHP Notice:  Undefined index: telefon in C:\inetpub\wwwroot\volkan\admin\print.php on line 5
[18-Apr-2022 12:53:03 UTC] PHP Notice:  Undefined index: musteri in C:\inetpub\wwwroot\volkan\admin\print.php on line 9
[18-Apr-2022 12:53:03 UTC] PHP Notice:  Undefined variable: ad in C:\inetpub\wwwroot\volkan\admin\print.php on line 73
[18-Apr-2022 12:53:09 UTC] PHP Notice:  Undefined index: telefon in C:\inetpub\wwwroot\volkan\admin\print.php on line 5
[18-Apr-2022 12:53:09 UTC] PHP Notice:  Undefined index: musteri in C:\inetpub\wwwroot\volkan\admin\print.php on line 9
[18-Apr-2022 12:53:09 UTC] PHP Notice:  Undefined index: bilgisayar in C:\inetpub\wwwroot\volkan\admin\print.php on line 11
[18-Apr-2022 12:53:09 UTC] PHP Notice:  Undefined index: tablet in C:\inetpub\wwwroot\volkan\admin\print.php on line 12
[18-Apr-2022 12:53:09 UTC] PHP Notice:  Undefined variable: ad in C:\inetpub\wwwroot\volkan\admin\print.php on line 73
[18-Apr-2022 12:53:19 UTC] PHP Notice:  Undefined index: telefon in C:\inetpub\wwwroot\volkan\admin\print.php on line 5
[18-Apr-2022 12:53:19 UTC] PHP Notice:  Undefined index: musteri in C:\inetpub\wwwroot\volkan\admin\print.php on line 9
[18-Apr-2022 12:53:19 UTC] PHP Notice:  Undefined index: bilgisayar in C:\inetpub\wwwroot\volkan\admin\print.php on line 11
[18-Apr-2022 12:53:19 UTC] PHP Notice:  Undefined index: tablet in C:\inetpub\wwwroot\volkan\admin\print.php on line 12
[18-Apr-2022 12:55:43 UTC] PHP Notice:  Undefined index: telefon in C:\inetpub\wwwroot\volkan\admin\print.php on line 5
[18-Apr-2022 12:55:43 UTC] PHP Notice:  Undefined index: musteri in C:\inetpub\wwwroot\volkan\admin\print.php on line 9
[18-Apr-2022 12:55:43 UTC] PHP Notice:  Undefined index: bilgisayar in C:\inetpub\wwwroot\volkan\admin\print.php on line 11
[18-Apr-2022 12:55:43 UTC] PHP Notice:  Undefined index: tablet in C:\inetpub\wwwroot\volkan\admin\print.php on line 12
[18-Apr-2022 12:55:43 UTC] PHP Notice:  Undefined variable: bilgisayar in C:\inetpub\wwwroot\volkan\admin\print.php on line 88
[18-Apr-2022 13:04:14 UTC] PHP Notice:  Undefined index: telefon in C:\inetpub\wwwroot\volkan\admin\print.php on line 5
[18-Apr-2022 13:04:14 UTC] PHP Notice:  Undefined index: musteri in C:\inetpub\wwwroot\volkan\admin\print.php on line 9
[18-Apr-2022 13:04:14 UTC] PHP Notice:  Undefined index: bilgisayar in C:\inetpub\wwwroot\volkan\admin\print.php on line 11
[18-Apr-2022 13:04:14 UTC] PHP Notice:  Undefined index: tablet in C:\inetpub\wwwroot\volkan\admin\print.php on line 12
[18-Apr-2022 13:04:14 UTC] PHP Notice:  Undefined variable: bilgisayar in C:\inetpub\wwwroot\volkan\admin\print.php on line 95
[18-Apr-2022 13:05:02 UTC] PHP Notice:  Undefined index: telefon in C:\inetpub\wwwroot\volkan\admin\print.php on line 5
[18-Apr-2022 13:05:02 UTC] PHP Notice:  Undefined index: musteri in C:\inetpub\wwwroot\volkan\admin\print.php on line 9
[18-Apr-2022 13:05:02 UTC] PHP Notice:  Undefined index: bilgisayar in C:\inetpub\wwwroot\volkan\admin\print.php on line 11
[18-Apr-2022 13:05:02 UTC] PHP Notice:  Undefined index: tablet in C:\inetpub\wwwroot\volkan\admin\print.php on line 12
[18-Apr-2022 13:05:02 UTC] PHP Notice:  Undefined variable: bilgisayar in C:\inetpub\wwwroot\volkan\admin\print.php on line 95
[18-Apr-2022 13:05:49 UTC] PHP Notice:  Undefined index: telefon in C:\inetpub\wwwroot\volkan\admin\print.php on line 5
[18-Apr-2022 13:05:49 UTC] PHP Notice:  Undefined index: musteri in C:\inetpub\wwwroot\volkan\admin\print.php on line 9
[18-Apr-2022 13:05:49 UTC] PHP Notice:  Undefined index: bilgisayar in C:\inetpub\wwwroot\volkan\admin\print.php on line 11
[18-Apr-2022 13:05:49 UTC] PHP Notice:  Undefined index: tablet in C:\inetpub\wwwroot\volkan\admin\print.php on line 12
[18-Apr-2022 13:05:49 UTC] PHP Notice:  Undefined variable: bilgisayar in C:\inetpub\wwwroot\volkan\admin\print.php on line 95
[19-Apr-2022 06:11:35 UTC] PHP Notice:  Undefined index: telefon in C:\inetpub\wwwroot\volkan\admin\print.php on line 5
[19-Apr-2022 06:11:35 UTC] PHP Notice:  Undefined index: musteri in C:\inetpub\wwwroot\volkan\admin\print.php on line 9
[19-Apr-2022 06:11:35 UTC] PHP Notice:  Undefined index: bilgisayar in C:\inetpub\wwwroot\volkan\admin\print.php on line 11
[19-Apr-2022 06:11:35 UTC] PHP Notice:  Undefined variable: bilgisayar in C:\inetpub\wwwroot\volkan\admin\print.php on line 95
[19-Apr-2022 06:14:26 UTC] PHP Notice:  Undefined index: telefon in C:\inetpub\wwwroot\volkan\admin\print.php on line 5
[19-Apr-2022 06:14:26 UTC] PHP Notice:  Undefined index: musteri in C:\inetpub\wwwroot\volkan\admin\print.php on line 9
[19-Apr-2022 06:14:26 UTC] PHP Notice:  Undefined index: bilgisayar in C:\inetpub\wwwroot\volkan\admin\print.php on line 11
[19-Apr-2022 06:14:26 UTC] PHP Notice:  Undefined variable: bilgisayar in C:\inetpub\wwwroot\volkan\admin\print.php on line 104
[19-Apr-2022 06:14:40 UTC] PHP Notice:  Undefined index: telefon in C:\inetpub\wwwroot\volkan\admin\print.php on line 5
[19-Apr-2022 06:14:40 UTC] PHP Notice:  Undefined index: musteri in C:\inetpub\wwwroot\volkan\admin\print.php on line 9
[19-Apr-2022 06:14:40 UTC] PHP Notice:  Undefined index: bilgisayar in C:\inetpub\wwwroot\volkan\admin\print.php on line 11
[19-Apr-2022 06:14:40 UTC] PHP Notice:  Undefined variable: bilgisayar in C:\inetpub\wwwroot\volkan\admin\print.php on line 104
[19-Apr-2022 06:14:57 UTC] PHP Notice:  Undefined index: telefon in C:\inetpub\wwwroot\volkan\admin\print.php on line 5
[19-Apr-2022 06:14:57 UTC] PHP Notice:  Undefined index: musteri in C:\inetpub\wwwroot\volkan\admin\print.php on line 9
[19-Apr-2022 06:14:57 UTC] PHP Notice:  Undefined index: bilgisayar in C:\inetpub\wwwroot\volkan\admin\print.php on line 11
[19-Apr-2022 06:14:57 UTC] PHP Notice:  Undefined variable: bilgisayar in C:\inetpub\wwwroot\volkan\admin\print.php on line 104
[19-Apr-2022 06:15:30 UTC] PHP Notice:  Undefined index: telefon in C:\inetpub\wwwroot\volkan\admin\print.php on line 5
[19-Apr-2022 06:15:30 UTC] PHP Notice:  Undefined index: musteri in C:\inetpub\wwwroot\volkan\admin\print.php on line 9
[19-Apr-2022 06:15:30 UTC] PHP Notice:  Undefined index: bilgisayar in C:\inetpub\wwwroot\volkan\admin\print.php on line 11
[19-Apr-2022 06:15:30 UTC] PHP Notice:  Undefined variable: bilgisayar in C:\inetpub\wwwroot\volkan\admin\print.php on line 113
[19-Apr-2022 06:16:35 UTC] PHP Notice:  Undefined index: telefon in C:\inetpub\wwwroot\volkan\admin\print.php on line 5
[19-Apr-2022 06:16:35 UTC] PHP Notice:  Undefined index: musteri in C:\inetpub\wwwroot\volkan\admin\print.php on line 9
[19-Apr-2022 06:16:35 UTC] PHP Notice:  Undefined index: bilgisayar in C:\inetpub\wwwroot\volkan\admin\print.php on line 11
[19-Apr-2022 06:16:35 UTC] PHP Notice:  Undefined variable: bilgisayar in C:\inetpub\wwwroot\volkan\admin\print.php on line 113
[19-Apr-2022 06:16:55 UTC] PHP Notice:  Undefined index: telefon in C:\inetpub\wwwroot\volkan\admin\print.php on line 5
[19-Apr-2022 06:16:55 UTC] PHP Notice:  Undefined index: musteri in C:\inetpub\wwwroot\volkan\admin\print.php on line 9
[19-Apr-2022 06:16:55 UTC] PHP Notice:  Undefined index: bilgisayar in C:\inetpub\wwwroot\volkan\admin\print.php on line 11
[19-Apr-2022 06:16:55 UTC] PHP Notice:  Undefined variable: bilgisayar in C:\inetpub\wwwroot\volkan\admin\print.php on line 113
[19-Apr-2022 06:18:12 UTC] PHP Notice:  Undefined index: telefon in C:\inetpub\wwwroot\volkan\admin\print.php on line 5
[19-Apr-2022 06:18:12 UTC] PHP Notice:  Undefined index: musteri in C:\inetpub\wwwroot\volkan\admin\print.php on line 9
[19-Apr-2022 06:18:12 UTC] PHP Notice:  Undefined index: bilgisayar in C:\inetpub\wwwroot\volkan\admin\print.php on line 11
[19-Apr-2022 06:18:12 UTC] PHP Notice:  Undefined variable: bilgisayar in C:\inetpub\wwwroot\volkan\admin\print.php on line 113
[19-Apr-2022 06:18:29 UTC] PHP Notice:  Undefined index: telefon in C:\inetpub\wwwroot\volkan\admin\print.php on line 5
[19-Apr-2022 06:18:29 UTC] PHP Notice:  Undefined index: musteri in C:\inetpub\wwwroot\volkan\admin\print.php on line 9
[19-Apr-2022 06:18:29 UTC] PHP Notice:  Undefined index: bilgisayar in C:\inetpub\wwwroot\volkan\admin\print.php on line 11
[19-Apr-2022 06:18:29 UTC] PHP Notice:  Undefined variable: bilgisayar in C:\inetpub\wwwroot\volkan\admin\print.php on line 113
[19-Apr-2022 06:20:45 UTC] PHP Notice:  Undefined index: telefon in C:\inetpub\wwwroot\volkan\admin\print.php on line 5
[19-Apr-2022 06:20:45 UTC] PHP Notice:  Undefined index: musteri in C:\inetpub\wwwroot\volkan\admin\print.php on line 9
[19-Apr-2022 06:20:45 UTC] PHP Notice:  Undefined index: bilgisayar in C:\inetpub\wwwroot\volkan\admin\print.php on line 11
[19-Apr-2022 06:20:45 UTC] PHP Notice:  Undefined variable: bilgisayar in C:\inetpub\wwwroot\volkan\admin\print.php on line 114
[19-Apr-2022 06:20:58 UTC] PHP Notice:  Undefined index: telefon in C:\inetpub\wwwroot\volkan\admin\print.php on line 5
[19-Apr-2022 06:20:58 UTC] PHP Notice:  Undefined index: musteri in C:\inetpub\wwwroot\volkan\admin\print.php on line 9
[19-Apr-2022 06:20:58 UTC] PHP Notice:  Undefined index: bilgisayar in C:\inetpub\wwwroot\volkan\admin\print.php on line 11
[19-Apr-2022 06:20:58 UTC] PHP Notice:  Undefined variable: bilgisayar in C:\inetpub\wwwroot\volkan\admin\print.php on line 114
[19-Apr-2022 06:21:08 UTC] PHP Notice:  Undefined index: telefon in C:\inetpub\wwwroot\volkan\admin\print.php on line 5
[19-Apr-2022 06:21:08 UTC] PHP Notice:  Undefined index: musteri in C:\inetpub\wwwroot\volkan\admin\print.php on line 9
[19-Apr-2022 06:21:08 UTC] PHP Notice:  Undefined index: bilgisayar in C:\inetpub\wwwroot\volkan\admin\print.php on line 11
[19-Apr-2022 06:21:08 UTC] PHP Notice:  Undefined variable: bilgisayar in C:\inetpub\wwwroot\volkan\admin\print.php on line 114
[19-Apr-2022 06:21:49 UTC] PHP Notice:  Undefined index: telefon in C:\inetpub\wwwroot\volkan\admin\print.php on line 5
[19-Apr-2022 06:21:49 UTC] PHP Notice:  Undefined index: musteri in C:\inetpub\wwwroot\volkan\admin\print.php on line 9
[19-Apr-2022 06:21:49 UTC] PHP Notice:  Undefined index: bilgisayar in C:\inetpub\wwwroot\volkan\admin\print.php on line 11
[19-Apr-2022 06:21:49 UTC] PHP Notice:  Undefined variable: bilgisayar in C:\inetpub\wwwroot\volkan\admin\print.php on line 114
[19-Apr-2022 06:22:08 UTC] PHP Notice:  Undefined index: telefon in C:\inetpub\wwwroot\volkan\admin\print.php on line 5
[19-Apr-2022 06:22:08 UTC] PHP Notice:  Undefined index: musteri in C:\inetpub\wwwroot\volkan\admin\print.php on line 9
[19-Apr-2022 06:22:08 UTC] PHP Notice:  Undefined index: bilgisayar in C:\inetpub\wwwroot\volkan\admin\print.php on line 11
[19-Apr-2022 06:22:08 UTC] PHP Notice:  Undefined variable: bilgisayar in C:\inetpub\wwwroot\volkan\admin\print.php on line 114
[19-Apr-2022 06:25:48 UTC] PHP Notice:  Undefined index: telefon in C:\inetpub\wwwroot\volkan\admin\print.php on line 5
[19-Apr-2022 06:25:48 UTC] PHP Notice:  Undefined index: musteri in C:\inetpub\wwwroot\volkan\admin\print.php on line 9
[19-Apr-2022 06:25:48 UTC] PHP Notice:  Undefined index: bilgisayar in C:\inetpub\wwwroot\volkan\admin\print.php on line 11
[19-Apr-2022 06:25:48 UTC] PHP Notice:  Undefined variable: bilgisayar in C:\inetpub\wwwroot\volkan\admin\print.php on line 117
[19-Apr-2022 06:26:06 UTC] PHP Notice:  Undefined index: telefon in C:\inetpub\wwwroot\volkan\admin\print.php on line 5
[19-Apr-2022 06:26:06 UTC] PHP Notice:  Undefined index: musteri in C:\inetpub\wwwroot\volkan\admin\print.php on line 9
[19-Apr-2022 06:26:06 UTC] PHP Notice:  Undefined index: bilgisayar in C:\inetpub\wwwroot\volkan\admin\print.php on line 11
[19-Apr-2022 06:26:06 UTC] PHP Notice:  Undefined variable: bilgisayar in C:\inetpub\wwwroot\volkan\admin\print.php on line 117
[19-Apr-2022 06:26:30 UTC] PHP Notice:  Undefined index: telefon in C:\inetpub\wwwroot\volkan\admin\print.php on line 5
[19-Apr-2022 06:26:30 UTC] PHP Notice:  Undefined index: musteri in C:\inetpub\wwwroot\volkan\admin\print.php on line 9
[19-Apr-2022 06:26:30 UTC] PHP Notice:  Undefined index: bilgisayar in C:\inetpub\wwwroot\volkan\admin\print.php on line 11
[19-Apr-2022 06:26:30 UTC] PHP Notice:  Undefined variable: bilgisayar in C:\inetpub\wwwroot\volkan\admin\print.php on line 117
[19-Apr-2022 06:27:49 UTC] PHP Notice:  Undefined index: telefon in C:\inetpub\wwwroot\volkan\admin\print.php on line 5
[19-Apr-2022 06:27:49 UTC] PHP Notice:  Undefined index: musteri in C:\inetpub\wwwroot\volkan\admin\print.php on line 9
[19-Apr-2022 06:27:49 UTC] PHP Notice:  Undefined index: bilgisayar in C:\inetpub\wwwroot\volkan\admin\print.php on line 11
[19-Apr-2022 06:27:49 UTC] PHP Notice:  Undefined variable: bilgisayar in C:\inetpub\wwwroot\volkan\admin\print.php on line 117
[19-Apr-2022 06:28:42 UTC] PHP Notice:  Undefined index: telefon in C:\inetpub\wwwroot\volkan\admin\print.php on line 5
[19-Apr-2022 06:28:42 UTC] PHP Notice:  Undefined index: musteri in C:\inetpub\wwwroot\volkan\admin\print.php on line 9
[19-Apr-2022 06:28:42 UTC] PHP Notice:  Undefined index: bilgisayar in C:\inetpub\wwwroot\volkan\admin\print.php on line 11
[19-Apr-2022 06:28:42 UTC] PHP Notice:  Undefined variable: bilgisayar in C:\inetpub\wwwroot\volkan\admin\print.php on line 117
[19-Apr-2022 06:29:18 UTC] PHP Notice:  Undefined index: telefon in C:\inetpub\wwwroot\volkan\admin\print.php on line 5
[19-Apr-2022 06:29:18 UTC] PHP Notice:  Undefined index: musteri in C:\inetpub\wwwroot\volkan\admin\print.php on line 9
[19-Apr-2022 06:29:18 UTC] PHP Notice:  Undefined index: bilgisayar in C:\inetpub\wwwroot\volkan\admin\print.php on line 11
[19-Apr-2022 06:29:18 UTC] PHP Notice:  Undefined variable: bilgisayar in C:\inetpub\wwwroot\volkan\admin\print.php on line 117
[19-Apr-2022 06:29:29 UTC] PHP Notice:  Undefined index: telefon in C:\inetpub\wwwroot\volkan\admin\print.php on line 5
[19-Apr-2022 06:29:29 UTC] PHP Notice:  Undefined index: musteri in C:\inetpub\wwwroot\volkan\admin\print.php on line 9
[19-Apr-2022 06:29:29 UTC] PHP Notice:  Undefined index: bilgisayar in C:\inetpub\wwwroot\volkan\admin\print.php on line 11
[19-Apr-2022 06:29:29 UTC] PHP Notice:  Undefined variable: bilgisayar in C:\inetpub\wwwroot\volkan\admin\print.php on line 117
[19-Apr-2022 06:30:24 UTC] PHP Notice:  Undefined index: telefon in C:\inetpub\wwwroot\volkan\admin\print.php on line 5
[19-Apr-2022 06:30:24 UTC] PHP Notice:  Undefined index: musteri in C:\inetpub\wwwroot\volkan\admin\print.php on line 9
[19-Apr-2022 06:30:24 UTC] PHP Notice:  Undefined index: bilgisayar in C:\inetpub\wwwroot\volkan\admin\print.php on line 11
[19-Apr-2022 06:30:24 UTC] PHP Notice:  Undefined variable: bilgisayar in C:\inetpub\wwwroot\volkan\admin\print.php on line 117
[19-Apr-2022 06:31:12 UTC] PHP Notice:  Undefined index: telefon in C:\inetpub\wwwroot\volkan\admin\print.php on line 5
[19-Apr-2022 06:31:12 UTC] PHP Notice:  Undefined index: musteri in C:\inetpub\wwwroot\volkan\admin\print.php on line 9
[19-Apr-2022 06:31:12 UTC] PHP Notice:  Undefined index: bilgisayar in C:\inetpub\wwwroot\volkan\admin\print.php on line 11
[19-Apr-2022 06:31:12 UTC] PHP Notice:  Undefined variable: bilgisayar in C:\inetpub\wwwroot\volkan\admin\print.php on line 119
[19-Apr-2022 06:32:28 UTC] PHP Notice:  Undefined index: telefon in C:\inetpub\wwwroot\volkan\admin\print.php on line 5
[19-Apr-2022 06:32:28 UTC] PHP Notice:  Undefined index: musteri in C:\inetpub\wwwroot\volkan\admin\print.php on line 9
[19-Apr-2022 06:32:28 UTC] PHP Notice:  Undefined index: bilgisayar in C:\inetpub\wwwroot\volkan\admin\print.php on line 11
[19-Apr-2022 06:32:28 UTC] PHP Notice:  Undefined variable: bilgisayar in C:\inetpub\wwwroot\volkan\admin\print.php on line 120
[19-Apr-2022 06:33:13 UTC] PHP Notice:  Undefined index: telefon in C:\inetpub\wwwroot\volkan\admin\print.php on line 5
[19-Apr-2022 06:33:13 UTC] PHP Notice:  Undefined index: musteri in C:\inetpub\wwwroot\volkan\admin\print.php on line 9
[19-Apr-2022 06:33:13 UTC] PHP Notice:  Undefined index: bilgisayar in C:\inetpub\wwwroot\volkan\admin\print.php on line 11
[19-Apr-2022 06:33:13 UTC] PHP Notice:  Undefined variable: bilgisayar in C:\inetpub\wwwroot\volkan\admin\print.php on line 122
[19-Apr-2022 06:33:23 UTC] PHP Notice:  Undefined index: telefon in C:\inetpub\wwwroot\volkan\admin\print.php on line 5
[19-Apr-2022 06:33:23 UTC] PHP Notice:  Undefined index: musteri in C:\inetpub\wwwroot\volkan\admin\print.php on line 9
[19-Apr-2022 06:33:23 UTC] PHP Notice:  Undefined index: bilgisayar in C:\inetpub\wwwroot\volkan\admin\print.php on line 11
[19-Apr-2022 06:33:23 UTC] PHP Notice:  Undefined variable: bilgisayar in C:\inetpub\wwwroot\volkan\admin\print.php on line 122
[19-Apr-2022 06:33:28 UTC] PHP Notice:  Undefined index: telefon in C:\inetpub\wwwroot\volkan\admin\print.php on line 5
[19-Apr-2022 06:33:28 UTC] PHP Notice:  Undefined index: musteri in C:\inetpub\wwwroot\volkan\admin\print.php on line 9
[19-Apr-2022 06:33:28 UTC] PHP Notice:  Undefined index: bilgisayar in C:\inetpub\wwwroot\volkan\admin\print.php on line 11
[19-Apr-2022 06:33:28 UTC] PHP Notice:  Undefined variable: bilgisayar in C:\inetpub\wwwroot\volkan\admin\print.php on line 122
[19-Apr-2022 06:34:20 UTC] PHP Notice:  Undefined index: telefon in C:\inetpub\wwwroot\volkan\admin\print.php on line 5
[19-Apr-2022 06:34:20 UTC] PHP Notice:  Undefined index: musteri in C:\inetpub\wwwroot\volkan\admin\print.php on line 9
[19-Apr-2022 06:34:20 UTC] PHP Notice:  Undefined index: bilgisayar in C:\inetpub\wwwroot\volkan\admin\print.php on line 11
[19-Apr-2022 06:34:20 UTC] PHP Notice:  Undefined variable: bilgisayar in C:\inetpub\wwwroot\volkan\admin\print.php on line 124
[19-Apr-2022 06:34:49 UTC] PHP Notice:  Undefined index: telefon in C:\inetpub\wwwroot\volkan\admin\print.php on line 5
[19-Apr-2022 06:34:49 UTC] PHP Notice:  Undefined index: musteri in C:\inetpub\wwwroot\volkan\admin\print.php on line 9
[19-Apr-2022 06:34:49 UTC] PHP Notice:  Undefined index: bilgisayar in C:\inetpub\wwwroot\volkan\admin\print.php on line 11
[19-Apr-2022 06:34:49 UTC] PHP Notice:  Undefined variable: bilgisayar in C:\inetpub\wwwroot\volkan\admin\print.php on line 124
[19-Apr-2022 06:35:11 UTC] PHP Notice:  Undefined index: telefon in C:\inetpub\wwwroot\volkan\admin\print.php on line 5
[19-Apr-2022 06:35:11 UTC] PHP Notice:  Undefined index: musteri in C:\inetpub\wwwroot\volkan\admin\print.php on line 9
[19-Apr-2022 06:35:11 UTC] PHP Notice:  Undefined index: bilgisayar in C:\inetpub\wwwroot\volkan\admin\print.php on line 11
[19-Apr-2022 06:35:11 UTC] PHP Notice:  Undefined variable: bilgisayar in C:\inetpub\wwwroot\volkan\admin\print.php on line 124
[19-Apr-2022 06:35:25 UTC] PHP Notice:  Undefined index: telefon in C:\inetpub\wwwroot\volkan\admin\print.php on line 5
[19-Apr-2022 06:35:25 UTC] PHP Notice:  Undefined index: musteri in C:\inetpub\wwwroot\volkan\admin\print.php on line 9
[19-Apr-2022 06:35:25 UTC] PHP Notice:  Undefined index: bilgisayar in C:\inetpub\wwwroot\volkan\admin\print.php on line 11
[19-Apr-2022 06:35:25 UTC] PHP Notice:  Undefined variable: bilgisayar in C:\inetpub\wwwroot\volkan\admin\print.php on line 124
[19-Apr-2022 06:37:08 UTC] PHP Notice:  Undefined index: telefon in C:\inetpub\wwwroot\volkan\admin\print.php on line 5
[19-Apr-2022 06:37:08 UTC] PHP Notice:  Undefined index: musteri in C:\inetpub\wwwroot\volkan\admin\print.php on line 9
[19-Apr-2022 06:37:08 UTC] PHP Notice:  Undefined variable: bilgisayar in C:\inetpub\wwwroot\volkan\admin\print.php on line 124
[19-Apr-2022 06:44:25 UTC] PHP Notice:  Undefined index: telefon in C:\inetpub\wwwroot\volkan\admin\print.php on line 5
[19-Apr-2022 06:44:25 UTC] PHP Notice:  Undefined index: musteri in C:\inetpub\wwwroot\volkan\admin\print.php on line 9
[19-Apr-2022 06:44:25 UTC] PHP Notice:  Undefined index: garanti in C:\inetpub\wwwroot\volkan\admin\print.php on line 17
[19-Apr-2022 06:44:25 UTC] PHP Notice:  Undefined index: date in C:\inetpub\wwwroot\volkan\admin\print.php on line 18
[19-Apr-2022 06:44:25 UTC] PHP Notice:  Undefined variable: bilgisayar in C:\inetpub\wwwroot\volkan\admin\print.php on line 125
[19-Apr-2022 06:45:01 UTC] PHP Notice:  Undefined index: telefon in C:\inetpub\wwwroot\volkan\admin\print.php on line 5
[19-Apr-2022 06:45:01 UTC] PHP Notice:  Undefined index: musteri in C:\inetpub\wwwroot\volkan\admin\print.php on line 9
[19-Apr-2022 06:45:01 UTC] PHP Notice:  Undefined index: garanti in C:\inetpub\wwwroot\volkan\admin\print.php on line 17
[19-Apr-2022 06:45:01 UTC] PHP Notice:  Undefined index: date in C:\inetpub\wwwroot\volkan\admin\print.php on line 18
[19-Apr-2022 06:45:01 UTC] PHP Notice:  Undefined variable: bilgisayar in C:\inetpub\wwwroot\volkan\admin\print.php on line 125
[19-Apr-2022 06:45:34 UTC] PHP Notice:  Undefined index: telefon in C:\inetpub\wwwroot\volkan\admin\print.php on line 5
[19-Apr-2022 06:45:34 UTC] PHP Notice:  Undefined index: musteri in C:\inetpub\wwwroot\volkan\admin\print.php on line 9
[19-Apr-2022 06:45:34 UTC] PHP Notice:  Undefined index: garanti in C:\inetpub\wwwroot\volkan\admin\print.php on line 17
[19-Apr-2022 06:45:34 UTC] PHP Notice:  Undefined index: date in C:\inetpub\wwwroot\volkan\admin\print.php on line 18
[19-Apr-2022 06:45:34 UTC] PHP Notice:  Undefined variable: bilgisayar in C:\inetpub\wwwroot\volkan\admin\print.php on line 125
[19-Apr-2022 06:47:48 UTC] PHP Notice:  Undefined index: telefon in C:\inetpub\wwwroot\volkan\admin\print.php on line 5
[19-Apr-2022 06:47:48 UTC] PHP Notice:  Undefined index: musteri in C:\inetpub\wwwroot\volkan\admin\print.php on line 9
[19-Apr-2022 06:47:48 UTC] PHP Notice:  Undefined index: garanti in C:\inetpub\wwwroot\volkan\admin\print.php on line 17
[19-Apr-2022 06:47:48 UTC] PHP Notice:  Undefined index: date in C:\inetpub\wwwroot\volkan\admin\print.php on line 18
[19-Apr-2022 06:47:48 UTC] PHP Notice:  Undefined variable: bilgisayar in C:\inetpub\wwwroot\volkan\admin\print.php on line 125
[19-Apr-2022 06:48:10 UTC] PHP Notice:  Undefined index: telefon in C:\inetpub\wwwroot\volkan\admin\print.php on line 5
[19-Apr-2022 06:48:10 UTC] PHP Notice:  Undefined index: musteri in C:\inetpub\wwwroot\volkan\admin\print.php on line 9
[19-Apr-2022 06:48:10 UTC] PHP Notice:  Undefined index: garanti in C:\inetpub\wwwroot\volkan\admin\print.php on line 17
[19-Apr-2022 06:48:10 UTC] PHP Notice:  Undefined index: date in C:\inetpub\wwwroot\volkan\admin\print.php on line 18
[19-Apr-2022 06:48:10 UTC] PHP Notice:  Undefined variable: bilgisayar in C:\inetpub\wwwroot\volkan\admin\print.php on line 125
[19-Apr-2022 06:52:20 UTC] PHP Notice:  Undefined index: telefon in C:\inetpub\wwwroot\volkan\admin\print.php on line 5
[19-Apr-2022 06:52:20 UTC] PHP Notice:  Undefined index: musteri in C:\inetpub\wwwroot\volkan\admin\print.php on line 9
[19-Apr-2022 06:52:20 UTC] PHP Notice:  Undefined index: bilgisayar in C:\inetpub\wwwroot\volkan\admin\print.php on line 11
[19-Apr-2022 06:52:20 UTC] PHP Notice:  Undefined index: tablet in C:\inetpub\wwwroot\volkan\admin\print.php on line 12
[19-Apr-2022 06:52:20 UTC] PHP Notice:  Undefined variable: bilgisayar in C:\inetpub\wwwroot\volkan\admin\print.php on line 125
[19-Apr-2022 06:52:57 UTC] PHP Notice:  Undefined index: telefon in C:\inetpub\wwwroot\volkan\admin\print.php on line 5
[19-Apr-2022 06:52:57 UTC] PHP Notice:  Undefined index: musteri in C:\inetpub\wwwroot\volkan\admin\print.php on line 9
[19-Apr-2022 06:52:57 UTC] PHP Notice:  Undefined index: bilgisayar in C:\inetpub\wwwroot\volkan\admin\print.php on line 11
[19-Apr-2022 06:52:57 UTC] PHP Notice:  Undefined index: tablet in C:\inetpub\wwwroot\volkan\admin\print.php on line 12
[19-Apr-2022 06:52:57 UTC] PHP Notice:  Undefined variable: bilgisayar in C:\inetpub\wwwroot\volkan\admin\print.php on line 125
[19-Apr-2022 06:54:20 UTC] PHP Notice:  Undefined index: musteri in C:\inetpub\wwwroot\volkan\admin\print.php on line 9
[19-Apr-2022 06:54:20 UTC] PHP Notice:  Undefined index: bilgisayar in C:\inetpub\wwwroot\volkan\admin\print.php on line 11
[19-Apr-2022 06:54:20 UTC] PHP Notice:  Undefined index: tablet in C:\inetpub\wwwroot\volkan\admin\print.php on line 12
[19-Apr-2022 06:54:20 UTC] PHP Notice:  Undefined variable: bilgisayar in C:\inetpub\wwwroot\volkan\admin\print.php on line 125
[19-Apr-2022 06:54:50 UTC] PHP Notice:  Undefined index: musteri in C:\inetpub\wwwroot\volkan\admin\print.php on line 9
[19-Apr-2022 06:54:50 UTC] PHP Notice:  Undefined index: bilgisayar in C:\inetpub\wwwroot\volkan\admin\print.php on line 11
[19-Apr-2022 06:54:50 UTC] PHP Notice:  Undefined index: tablet in C:\inetpub\wwwroot\volkan\admin\print.php on line 12
[19-Apr-2022 06:55:21 UTC] PHP Notice:  Undefined index: musteri in C:\inetpub\wwwroot\volkan\admin\print.php on line 9
[19-Apr-2022 06:55:21 UTC] PHP Notice:  Undefined index: bilgisayar in C:\inetpub\wwwroot\volkan\admin\print.php on line 11
[19-Apr-2022 06:55:21 UTC] PHP Notice:  Undefined index: tablet in C:\inetpub\wwwroot\volkan\admin\print.php on line 12
[19-Apr-2022 06:55:21 UTC] PHP Notice:  Undefined variable: bilgisayar in C:\inetpub\wwwroot\volkan\admin\print.php on line 124
[19-Apr-2022 06:55:33 UTC] PHP Notice:  Undefined index: musteri in C:\inetpub\wwwroot\volkan\admin\print.php on line 9
[19-Apr-2022 06:55:33 UTC] PHP Notice:  Undefined index: tablet in C:\inetpub\wwwroot\volkan\admin\print.php on line 12
[19-Apr-2022 06:55:33 UTC] PHP Notice:  Undefined variable: bilgisayar in C:\inetpub\wwwroot\volkan\admin\print.php on line 124
[19-Apr-2022 06:56:10 UTC] PHP Notice:  Undefined index: musteri in C:\inetpub\wwwroot\volkan\admin\print.php on line 9
[19-Apr-2022 06:56:10 UTC] PHP Notice:  Undefined index: tablet in C:\inetpub\wwwroot\volkan\admin\print.php on line 12
[19-Apr-2022 06:56:10 UTC] PHP Notice:  Undefined variable: tb1 in C:\inetpub\wwwroot\volkan\admin\print.php on line 124
[19-Apr-2022 08:18:28 UTC] PHP Notice:  Undefined index: musteri in C:\inetpub\wwwroot\volkan\admin\print.php on line 9
[19-Apr-2022 08:18:28 UTC] PHP Notice:  Undefined index: bilgisayar in C:\inetpub\wwwroot\volkan\admin\print.php on line 11
[19-Apr-2022 08:18:28 UTC] PHP Notice:  Undefined index: tablet in C:\inetpub\wwwroot\volkan\admin\print.php on line 12
[19-Apr-2022 08:18:28 UTC] PHP Notice:  Undefined variable: pc1 in C:\inetpub\wwwroot\volkan\admin\print.php on line 124
[19-Apr-2022 08:18:28 UTC] PHP Notice:  Undefined variable: tb1 in C:\inetpub\wwwroot\volkan\admin\print.php on line 124
